[debug] [2022-11-28T11:09:21.638Z] ----------------------------------------------------------------------
[debug] [2022-11-28T11:09:21.640Z] Command:       C:\Program Files\nodejs\node.exe C:\Users\hp\AppData\Roaming\npm\node_modules\firebase-tools\lib\bin\firebase.js deploy
[debug] [2022-11-28T11:09:21.641Z] CLI Version:   11.14.4
[debug] [2022-11-28T11:09:21.641Z] Platform:      win32
[debug] [2022-11-28T11:09:21.641Z] Node Version:  v16.15.1
[debug] [2022-11-28T11:09:21.643Z] Time:          Mon Nov 28 2022 17:09:21 GMT+0600 (Bangladesh Standard Time)
[debug] [2022-11-28T11:09:21.643Z] ----------------------------------------------------------------------
[debug] 
[debug] [2022-11-28T11:09:21.742Z] > command requires scopes: ["email","openid","https://www.googleapis.com/auth/cloudplatformprojects.readonly","https://www.googleapis.com/auth/firebase","https://www.googleapis.com/auth/cloud-platform"]
[debug] [2022-11-28T11:09:21.743Z] > authorizing via signed-in user (sayeedh95@gmail.com)
[debug] [2022-11-28T11:09:21.743Z] [iam] checking project car-selling-2afd4 for permissions ["firebase.projects.get","firebasehosting.sites.update"]
[debug] [2022-11-28T11:09:21.746Z] >>> [apiv2][query] POST https://cloudresourcemanager.googleapis.com/v1/projects/car-selling-2afd4:testIamPermissions [none]
[debug] [2022-11-28T11:09:21.747Z] >>> [apiv2][(partial)header] POST https://cloudresourcemanager.googleapis.com/v1/projects/car-selling-2afd4:testIamPermissions x-goog-quota-user=projects/car-selling-2afd4
[debug] [2022-11-28T11:09:21.747Z] >>> [apiv2][body] POST https://cloudresourcemanager.googleapis.com/v1/projects/car-selling-2afd4:testIamPermissions {"permissions":["firebase.projects.get","firebasehosting.sites.update"]}
[debug] [2022-11-28T11:09:23.599Z] <<< [apiv2][status] POST https://cloudresourcemanager.googleapis.com/v1/projects/car-selling-2afd4:testIamPermissions 200
[debug] [2022-11-28T11:09:23.599Z] <<< [apiv2][body] POST https://cloudresourcemanager.googleapis.com/v1/projects/car-selling-2afd4:testIamPermissions {"permissions":["firebase.projects.get","firebasehosting.sites.update"]}
[debug] [2022-11-28T11:09:23.602Z] >>> [apiv2][query] GET https://firebase.googleapis.com/v1beta1/projects/car-selling-2afd4 [none]
[debug] [2022-11-28T11:09:24.187Z] <<< [apiv2][status] GET https://firebase.googleapis.com/v1beta1/projects/car-selling-2afd4 200
[debug] [2022-11-28T11:09:24.187Z] <<< [apiv2][body] GET https://firebase.googleapis.com/v1beta1/projects/car-selling-2afd4 {"projectId":"car-selling-2afd4","projectNumber":"563515231593","displayName":"car-selling","name":"projects/car-selling-2afd4","resources":{"hostingSite":"car-selling-2afd4"},"state":"ACTIVE","etag":"1_0fb67f63-b338-472e-bf1e-b740c2203fbc"}
[info] 
[info] === Deploying to 'car-selling-2afd4'...
[info] 
[info] i  deploying hosting 
[debug] [2022-11-28T11:09:24.199Z] >>> [apiv2][query] POST https://firebasehosting.googleapis.com/v1beta1/projects/-/sites/car-selling-2afd4/versions [none]
[debug] [2022-11-28T11:09:24.199Z] >>> [apiv2][body] POST https://firebasehosting.googleapis.com/v1beta1/projects/-/sites/car-selling-2afd4/versions {"status":"CREATED","labels":{"deployment-tool":"cli-firebase"}}
[debug] [2022-11-28T11:09:26.701Z] <<< [apiv2][status] POST https://firebasehosting.googleapis.com/v1beta1/projects/-/sites/car-selling-2afd4/versions 200
[debug] [2022-11-28T11:09:26.702Z] <<< [apiv2][body] POST https://firebasehosting.googleapis.com/v1beta1/projects/-/sites/car-selling-2afd4/versions {"name":"projects/563515231593/sites/car-selling-2afd4/versions/10ea91a18c977a85","status":"CREATED","config":{},"labels":{"deployment-tool":"cli-firebase"}}
[info] i  hosting[car-selling-2afd4]: beginning deploy... 
[info] i  hosting[car-selling-2afd4]: found 16 files in build 
[debug] [2022-11-28T11:09:26.740Z] [hosting] uploading with 200 concurrency
[debug] [2022-11-28T11:09:26.742Z] [hosting] hash cache [YnVpbGQ] not populated
[debug] [2022-11-28T11:09:27.238Z] [hosting] hash cache [YnVpbGQ] stored for 16 files
[debug] [2022-11-28T11:09:27.238Z] [hosting][hash queue][FINAL] {"max":484,"min":22,"avg":56.75,"active":0,"complete":16,"success":16,"errored":0,"retried":0,"total":16,"elapsed":494}
[debug] [2022-11-28T11:09:27.239Z] >>> [apiv2][query] POST https://firebasehosting.googleapis.com/v1beta1/projects/563515231593/sites/car-selling-2afd4/versions/10ea91a18c977a85:populateFiles [none]
[debug] [2022-11-28T11:09:27.239Z] >>> [apiv2][body] POST https://firebasehosting.googleapis.com/v1beta1/projects/563515231593/sites/car-selling-2afd4/versions/10ea91a18c977a85:populateFiles {"files":{"/asset-manifest.json":"1fc8ba27ab6f87f42b32d9688c5c5ae2624518e2d1c56888f7f3ad34a815c648","/index.html":"aea11e7e75ffce83934535ff92b57570484f3e121700c98b92cb31bf455b78cb","/manifest.json":"aff3449bdc238776f5d6d967f19ec491b36aed5fb7f23ccff6500736fd58494a","/categories.json":"d8774fd5851c25110d66e79a641222af55527f468816cb309d521dc2b9cbf3ed","/robots.txt":"bfe106a3fb878dc83461c86818bf74fc1bdc7f28538ba613cd3e775516ce8b49","/static/js/787.eae7b04f.chunk.js":"651622cce2cf8c11dd807a5e04f467a4a1428b1ecc1fed49344f073cd811aecc","/logo192.png":"3ee59515172ee198f3be375979df15ac5345183e656720a381b8872b2a39dc8b","/logo512.png":"ee7e2f3fdb8209c4b6fd7bef6ba50d1b9dba30a25bb5c3126df057e1cb6f5331","/static/js/787.eae7b04f.chunk.js.map":"db59050ddcfcfec87f0be9ef73a819373da336ecfc0c44f2f83f30722416b1ee","/static/js/main.b98e3e9d.js.LICENSE.txt":"f621b4e7f4e61953028a8d52b85cfaaac237bfffcb40034341de36786ecc3b16","/static/css/main.7e799b16.css.map":"d892afdc196e06c2e6adc047aeaa625b34551baa38a98b7eb6fb31e033cf3207","/static/css/main.7e799b16.css":"5a3a724335f60f42f13b2f0c4dab9f73bba10efa7ac13bd57f2a14ab9d495e86","/favicon.ico":"b62ddc1bbffb66fc3391d6b9b743029662bf15ba8f237ce2e61648d5639b769f","/static/js/main.b98e3e9d.js":"ce957ac3d6c30328e95556abab45e53ee21b894fd18c8bd7bf638b0195f5d1b7","/static/media/car.51fc982fbb0728020f0c.jpg":"d3cea711e8e09d229d7833ec8db1c8d440e5a8df2c81b89c2dbf1f392e845c7d","/static/js/main.b98e3e9d.js.map":"3bf4aa61ce7b9f6d91d0edf7b701d9d9f037bd4075d4f34a2c8d2e3cd41f86c5"}}
[debug] [2022-11-28T11:09:28.759Z] <<< [apiv2][status] POST https://firebasehosting.googleapis.com/v1beta1/projects/563515231593/sites/car-selling-2afd4/versions/10ea91a18c977a85:populateFiles 200
[debug] [2022-11-28T11:09:28.760Z] <<< [apiv2][body] POST https://firebasehosting.googleapis.com/v1beta1/projects/563515231593/sites/car-selling-2afd4/versions/10ea91a18c977a85:populateFiles {"uploadRequiredHashes":["ee7e2f3fdb8209c4b6fd7bef6ba50d1b9dba30a25bb5c3126df057e1cb6f5331","b62ddc1bbffb66fc3391d6b9b743029662bf15ba8f237ce2e61648d5639b769f","3bf4aa61ce7b9f6d91d0edf7b701d9d9f037bd4075d4f34a2c8d2e3cd41f86c5","d892afdc196e06c2e6adc047aeaa625b34551baa38a98b7eb6fb31e033cf3207","f621b4e7f4e61953028a8d52b85cfaaac237bfffcb40034341de36786ecc3b16","ce957ac3d6c30328e95556abab45e53ee21b894fd18c8bd7bf638b0195f5d1b7","aff3449bdc238776f5d6d967f19ec491b36aed5fb7f23ccff6500736fd58494a","5a3a724335f60f42f13b2f0c4dab9f73bba10efa7ac13bd57f2a14ab9d495e86","1fc8ba27ab6f87f42b32d9688c5c5ae2624518e2d1c56888f7f3ad34a815c648","aea11e7e75ffce83934535ff92b57570484f3e121700c98b92cb31bf455b78cb","651622cce2cf8c11dd807a5e04f467a4a1428b1ecc1fed49344f073cd811aecc","3ee59515172ee198f3be375979df15ac5345183e656720a381b8872b2a39dc8b","d8774fd5851c25110d66e79a641222af55527f468816cb309d521dc2b9cbf3ed","db59050ddcfcfec87f0be9ef73a819373da336ecfc0c44f2f83f30722416b1ee","d3cea711e8e09d229d7833ec8db1c8d440e5a8df2c81b89c2dbf1f392e845c7d","bfe106a3fb878dc83461c86818bf74fc1bdc7f28538ba613cd3e775516ce8b49"],"uploadUrl":"https://upload-firebasehosting.googleapis.com/upload/sites/car-selling-2afd4/versions/10ea91a18c977a85/files"}
[debug] [2022-11-28T11:09:28.776Z] >>> [apiv2][query] POST https://upload-firebasehosting.googleapis.com/upload/sites/car-selling-2afd4/versions/10ea91a18c977a85/files/ee7e2f3fdb8209c4b6fd7bef6ba50d1b9dba30a25bb5c3126df057e1cb6f5331 [none]
[debug] [2022-11-28T11:09:28.776Z] >>> [apiv2][body] POST https://upload-firebasehosting.googleapis.com/upload/sites/car-selling-2afd4/versions/10ea91a18c977a85/files/ee7e2f3fdb8209c4b6fd7bef6ba50d1b9dba30a25bb5c3126df057e1cb6f5331 [stream]
[debug] [2022-11-28T11:09:28.779Z] >>> [apiv2][query] POST https://upload-firebasehosting.googleapis.com/upload/sites/car-selling-2afd4/versions/10ea91a18c977a85/files/b62ddc1bbffb66fc3391d6b9b743029662bf15ba8f237ce2e61648d5639b769f [none]
[debug] [2022-11-28T11:09:28.779Z] >>> [apiv2][body] POST https://upload-firebasehosting.googleapis.com/upload/sites/car-selling-2afd4/versions/10ea91a18c977a85/files/b62ddc1bbffb66fc3391d6b9b743029662bf15ba8f237ce2e61648d5639b769f [stream]
[debug] [2022-11-28T11:09:28.781Z] >>> [apiv2][query] POST https://upload-firebasehosting.googleapis.com/upload/sites/car-selling-2afd4/versions/10ea91a18c977a85/files/3bf4aa61ce7b9f6d91d0edf7b701d9d9f037bd4075d4f34a2c8d2e3cd41f86c5 [none]
[debug] [2022-11-28T11:09:28.782Z] >>> [apiv2][body] POST https://upload-firebasehosting.googleapis.com/upload/sites/car-selling-2afd4/versions/10ea91a18c977a85/files/3bf4aa61ce7b9f6d91d0edf7b701d9d9f037bd4075d4f34a2c8d2e3cd41f86c5 [stream]
[debug] [2022-11-28T11:09:28.783Z] >>> [apiv2][query] POST https://upload-firebasehosting.googleapis.com/upload/sites/car-selling-2afd4/versions/10ea91a18c977a85/files/d892afdc196e06c2e6adc047aeaa625b34551baa38a98b7eb6fb31e033cf3207 [none]
[debug] [2022-11-28T11:09:28.783Z] >>> [apiv2][body] POST https://upload-firebasehosting.googleapis.com/upload/sites/car-selling-2afd4/versions/10ea91a18c977a85/files/d892afdc196e06c2e6adc047aeaa625b34551baa38a98b7eb6fb31e033cf3207 [stream]
[debug] [2022-11-28T11:09:28.785Z] >>> [apiv2][query] POST https://upload-firebasehosting.googleapis.com/upload/sites/car-selling-2afd4/versions/10ea91a18c977a85/files/f621b4e7f4e61953028a8d52b85cfaaac237bfffcb40034341de36786ecc3b16 [none]
[debug] [2022-11-28T11:09:28.785Z] >>> [apiv2][body] POST https://upload-firebasehosting.googleapis.com/upload/sites/car-selling-2afd4/versions/10ea91a18c977a85/files/f621b4e7f4e61953028a8d52b85cfaaac237bfffcb40034341de36786ecc3b16 [stream]
[debug] [2022-11-28T11:09:28.787Z] >>> [apiv2][query] POST https://upload-firebasehosting.googleapis.com/upload/sites/car-selling-2afd4/versions/10ea91a18c977a85/files/ce957ac3d6c30328e95556abab45e53ee21b894fd18c8bd7bf638b0195f5d1b7 [none]
[debug] [2022-11-28T11:09:28.787Z] >>> [apiv2][body] POST https://upload-firebasehosting.googleapis.com/upload/sites/car-selling-2afd4/versions/10ea91a18c977a85/files/ce957ac3d6c30328e95556abab45e53ee21b894fd18c8bd7bf638b0195f5d1b7 [stream]
[debug] [2022-11-28T11:09:28.789Z] >>> [apiv2][query] POST https://upload-firebasehosting.googleapis.com/upload/sites/car-selling-2afd4/versions/10ea91a18c977a85/files/aff3449bdc238776f5d6d967f19ec491b36aed5fb7f23ccff6500736fd58494a [none]
[debug] [2022-11-28T11:09:28.789Z] >>> [apiv2][body] POST https://upload-firebasehosting.googleapis.com/upload/sites/car-selling-2afd4/versions/10ea91a18c977a85/files/aff3449bdc238776f5d6d967f19ec491b36aed5fb7f23ccff6500736fd58494a [stream]
[debug] [2022-11-28T11:09:28.790Z] >>> [apiv2][query] POST https://upload-firebasehosting.googleapis.com/upload/sites/car-selling-2afd4/versions/10ea91a18c977a85/files/5a3a724335f60f42f13b2f0c4dab9f73bba10efa7ac13bd57f2a14ab9d495e86 [none]
[debug] [2022-11-28T11:09:28.791Z] >>> [apiv2][body] POST https://upload-firebasehosting.googleapis.com/upload/sites/car-selling-2afd4/versions/10ea91a18c977a85/files/5a3a724335f60f42f13b2f0c4dab9f73bba10efa7ac13bd57f2a14ab9d495e86 [stream]
[debug] [2022-11-28T11:09:28.792Z] >>> [apiv2][query] POST https://upload-firebasehosting.googleapis.com/upload/sites/car-selling-2afd4/versions/10ea91a18c977a85/files/1fc8ba27ab6f87f42b32d9688c5c5ae2624518e2d1c56888f7f3ad34a815c648 [none]
[debug] [2022-11-28T11:09:28.792Z] >>> [apiv2][body] POST https://upload-firebasehosting.googleapis.com/upload/sites/car-selling-2afd4/versions/10ea91a18c977a85/files/1fc8ba27ab6f87f42b32d9688c5c5ae2624518e2d1c56888f7f3ad34a815c648 [stream]
[debug] [2022-11-28T11:09:28.793Z] >>> [apiv2][query] POST https://upload-firebasehosting.googleapis.com/upload/sites/car-selling-2afd4/versions/10ea91a18c977a85/files/aea11e7e75ffce83934535ff92b57570484f3e121700c98b92cb31bf455b78cb [none]
[debug] [2022-11-28T11:09:28.793Z] >>> [apiv2][body] POST https://upload-firebasehosting.googleapis.com/upload/sites/car-selling-2afd4/versions/10ea91a18c977a85/files/aea11e7e75ffce83934535ff92b57570484f3e121700c98b92cb31bf455b78cb [stream]
[debug] [2022-11-28T11:09:28.794Z] >>> [apiv2][query] POST https://upload-firebasehosting.googleapis.com/upload/sites/car-selling-2afd4/versions/10ea91a18c977a85/files/651622cce2cf8c11dd807a5e04f467a4a1428b1ecc1fed49344f073cd811aecc [none]
[debug] [2022-11-28T11:09:28.795Z] >>> [apiv2][body] POST https://upload-firebasehosting.googleapis.com/upload/sites/car-selling-2afd4/versions/10ea91a18c977a85/files/651622cce2cf8c11dd807a5e04f467a4a1428b1ecc1fed49344f073cd811aecc [stream]
[debug] [2022-11-28T11:09:28.796Z] >>> [apiv2][query] POST https://upload-firebasehosting.googleapis.com/upload/sites/car-selling-2afd4/versions/10ea91a18c977a85/files/3ee59515172ee198f3be375979df15ac5345183e656720a381b8872b2a39dc8b [none]
[debug] [2022-11-28T11:09:28.796Z] >>> [apiv2][body] POST https://upload-firebasehosting.googleapis.com/upload/sites/car-selling-2afd4/versions/10ea91a18c977a85/files/3ee59515172ee198f3be375979df15ac5345183e656720a381b8872b2a39dc8b [stream]
[debug] [2022-11-28T11:09:28.797Z] >>> [apiv2][query] POST https://upload-firebasehosting.googleapis.com/upload/sites/car-selling-2afd4/versions/10ea91a18c977a85/files/d8774fd5851c25110d66e79a641222af55527f468816cb309d521dc2b9cbf3ed [none]
[debug] [2022-11-28T11:09:28.797Z] >>> [apiv2][body] POST https://upload-firebasehosting.googleapis.com/upload/sites/car-selling-2afd4/versions/10ea91a18c977a85/files/d8774fd5851c25110d66e79a641222af55527f468816cb309d521dc2b9cbf3ed [stream]
[debug] [2022-11-28T11:09:28.798Z] >>> [apiv2][query] POST https://upload-firebasehosting.googleapis.com/upload/sites/car-selling-2afd4/versions/10ea91a18c977a85/files/db59050ddcfcfec87f0be9ef73a819373da336ecfc0c44f2f83f30722416b1ee [none]
[debug] [2022-11-28T11:09:28.798Z] >>> [apiv2][body] POST https://upload-firebasehosting.googleapis.com/upload/sites/car-selling-2afd4/versions/10ea91a18c977a85/files/db59050ddcfcfec87f0be9ef73a819373da336ecfc0c44f2f83f30722416b1ee [stream]
[debug] [2022-11-28T11:09:28.799Z] >>> [apiv2][query] POST https://upload-firebasehosting.googleapis.com/upload/sites/car-selling-2afd4/versions/10ea91a18c977a85/files/d3cea711e8e09d229d7833ec8db1c8d440e5a8df2c81b89c2dbf1f392e845c7d [none]
[debug] [2022-11-28T11:09:28.799Z] >>> [apiv2][body] POST https://upload-firebasehosting.googleapis.com/upload/sites/car-selling-2afd4/versions/10ea91a18c977a85/files/d3cea711e8e09d229d7833ec8db1c8d440e5a8df2c81b89c2dbf1f392e845c7d [stream]
[debug] [2022-11-28T11:09:28.803Z] >>> [apiv2][query] POST https://upload-firebasehosting.googleapis.com/upload/sites/car-selling-2afd4/versions/10ea91a18c977a85/files/bfe106a3fb878dc83461c86818bf74fc1bdc7f28538ba613cd3e775516ce8b49 [none]
[debug] [2022-11-28T11:09:28.803Z] >>> [apiv2][body] POST https://upload-firebasehosting.googleapis.com/upload/sites/car-selling-2afd4/versions/10ea91a18c977a85/files/bfe106a3fb878dc83461c86818bf74fc1bdc7f28538ba613cd3e775516ce8b49 [stream]
[debug] [2022-11-28T11:09:28.804Z] [hosting][populate queue][FINAL] {"max":1540,"min":1540,"avg":1540,"active":0,"complete":1,"success":1,"errored":0,"retried":0,"total":1,"elapsed":1569}
[debug] [2022-11-28T11:09:28.805Z] [hosting] uploads queued: 16
[debug] [2022-11-28T11:09:30.271Z] <<< [apiv2][status] POST https://upload-firebasehosting.googleapis.com/upload/sites/car-selling-2afd4/versions/10ea91a18c977a85/files/ee7e2f3fdb8209c4b6fd7bef6ba50d1b9dba30a25bb5c3126df057e1cb6f5331 200
[debug] [2022-11-28T11:09:30.279Z] <<< [apiv2][body] POST https://upload-firebasehosting.googleapis.com/upload/sites/car-selling-2afd4/versions/10ea91a18c977a85/files/ee7e2f3fdb8209c4b6fd7bef6ba50d1b9dba30a25bb5c3126df057e1cb6f5331 [stream]
[debug] [2022-11-28T11:09:30.288Z] <<< [apiv2][status] POST https://upload-firebasehosting.googleapis.com/upload/sites/car-selling-2afd4/versions/10ea91a18c977a85/files/f621b4e7f4e61953028a8d52b85cfaaac237bfffcb40034341de36786ecc3b16 200
[debug] [2022-11-28T11:09:30.289Z] <<< [apiv2][body] POST https://upload-firebasehosting.googleapis.com/upload/sites/car-selling-2afd4/versions/10ea91a18c977a85/files/f621b4e7f4e61953028a8d52b85cfaaac237bfffcb40034341de36786ecc3b16 [stream]
[debug] [2022-11-28T11:09:30.296Z] <<< [apiv2][status] POST https://upload-firebasehosting.googleapis.com/upload/sites/car-selling-2afd4/versions/10ea91a18c977a85/files/3ee59515172ee198f3be375979df15ac5345183e656720a381b8872b2a39dc8b 200
[debug] [2022-11-28T11:09:30.297Z] <<< [apiv2][body] POST https://upload-firebasehosting.googleapis.com/upload/sites/car-selling-2afd4/versions/10ea91a18c977a85/files/3ee59515172ee198f3be375979df15ac5345183e656720a381b8872b2a39dc8b [stream]
[debug] [2022-11-28T11:09:30.306Z] <<< [apiv2][status] POST https://upload-firebasehosting.googleapis.com/upload/sites/car-selling-2afd4/versions/10ea91a18c977a85/files/bfe106a3fb878dc83461c86818bf74fc1bdc7f28538ba613cd3e775516ce8b49 200
[debug] [2022-11-28T11:09:30.306Z] <<< [apiv2][body] POST https://upload-firebasehosting.googleapis.com/upload/sites/car-selling-2afd4/versions/10ea91a18c977a85/files/bfe106a3fb878dc83461c86818bf74fc1bdc7f28538ba613cd3e775516ce8b49 [stream]
[debug] [2022-11-28T11:09:30.341Z] <<< [apiv2][status] POST https://upload-firebasehosting.googleapis.com/upload/sites/car-selling-2afd4/versions/10ea91a18c977a85/files/aff3449bdc238776f5d6d967f19ec491b36aed5fb7f23ccff6500736fd58494a 200
[debug] [2022-11-28T11:09:30.341Z] <<< [apiv2][body] POST https://upload-firebasehosting.googleapis.com/upload/sites/car-selling-2afd4/versions/10ea91a18c977a85/files/aff3449bdc238776f5d6d967f19ec491b36aed5fb7f23ccff6500736fd58494a [stream]
[debug] [2022-11-28T11:09:30.500Z] <<< [apiv2][status] POST https://upload-firebasehosting.googleapis.com/upload/sites/car-selling-2afd4/versions/10ea91a18c977a85/files/d892afdc196e06c2e6adc047aeaa625b34551baa38a98b7eb6fb31e033cf3207 200
[debug] [2022-11-28T11:09:30.500Z] <<< [apiv2][body] POST https://upload-firebasehosting.googleapis.com/upload/sites/car-selling-2afd4/versions/10ea91a18c977a85/files/d892afdc196e06c2e6adc047aeaa625b34551baa38a98b7eb6fb31e033cf3207 [stream]
[debug] [2022-11-28T11:09:30.505Z] <<< [apiv2][status] POST https://upload-firebasehosting.googleapis.com/upload/sites/car-selling-2afd4/versions/10ea91a18c977a85/files/5a3a724335f60f42f13b2f0c4dab9f73bba10efa7ac13bd57f2a14ab9d495e86 200
[debug] [2022-11-28T11:09:30.506Z] <<< [apiv2][body] POST https://upload-firebasehosting.googleapis.com/upload/sites/car-selling-2afd4/versions/10ea91a18c977a85/files/5a3a724335f60f42f13b2f0c4dab9f73bba10efa7ac13bd57f2a14ab9d495e86 [stream]
[debug] [2022-11-28T11:09:30.509Z] <<< [apiv2][status] POST https://upload-firebasehosting.googleapis.com/upload/sites/car-selling-2afd4/versions/10ea91a18c977a85/files/aea11e7e75ffce83934535ff92b57570484f3e121700c98b92cb31bf455b78cb 200
[debug] [2022-11-28T11:09:30.509Z] <<< [apiv2][body] POST https://upload-firebasehosting.googleapis.com/upload/sites/car-selling-2afd4/versions/10ea91a18c977a85/files/aea11e7e75ffce83934535ff92b57570484f3e121700c98b92cb31bf455b78cb [stream]
[debug] [2022-11-28T11:09:30.531Z] <<< [apiv2][status] POST https://upload-firebasehosting.googleapis.com/upload/sites/car-selling-2afd4/versions/10ea91a18c977a85/files/db59050ddcfcfec87f0be9ef73a819373da336ecfc0c44f2f83f30722416b1ee 200
[debug] [2022-11-28T11:09:30.532Z] <<< [apiv2][body] POST https://upload-firebasehosting.googleapis.com/upload/sites/car-selling-2afd4/versions/10ea91a18c977a85/files/db59050ddcfcfec87f0be9ef73a819373da336ecfc0c44f2f83f30722416b1ee [stream]
[debug] [2022-11-28T11:09:30.573Z] <<< [apiv2][status] POST https://upload-firebasehosting.googleapis.com/upload/sites/car-selling-2afd4/versions/10ea91a18c977a85/files/d8774fd5851c25110d66e79a641222af55527f468816cb309d521dc2b9cbf3ed 200
[debug] [2022-11-28T11:09:30.573Z] <<< [apiv2][body] POST https://upload-firebasehosting.googleapis.com/upload/sites/car-selling-2afd4/versions/10ea91a18c977a85/files/d8774fd5851c25110d66e79a641222af55527f468816cb309d521dc2b9cbf3ed [stream]
[debug] [2022-11-28T11:09:30.575Z] <<< [apiv2][status] POST https://upload-firebasehosting.googleapis.com/upload/sites/car-selling-2afd4/versions/10ea91a18c977a85/files/1fc8ba27ab6f87f42b32d9688c5c5ae2624518e2d1c56888f7f3ad34a815c648 200
[debug] [2022-11-28T11:09:30.575Z] <<< [apiv2][body] POST https://upload-firebasehosting.googleapis.com/upload/sites/car-selling-2afd4/versions/10ea91a18c977a85/files/1fc8ba27ab6f87f42b32d9688c5c5ae2624518e2d1c56888f7f3ad34a815c648 [stream]
[debug] [2022-11-28T11:09:30.599Z] <<< [apiv2][status] POST https://upload-firebasehosting.googleapis.com/upload/sites/car-selling-2afd4/versions/10ea91a18c977a85/files/651622cce2cf8c11dd807a5e04f467a4a1428b1ecc1fed49344f073cd811aecc 200
[debug] [2022-11-28T11:09:30.599Z] <<< [apiv2][body] POST https://upload-firebasehosting.googleapis.com/upload/sites/car-selling-2afd4/versions/10ea91a18c977a85/files/651622cce2cf8c11dd807a5e04f467a4a1428b1ecc1fed49344f073cd811aecc [stream]
[debug] [2022-11-28T11:09:30.749Z] <<< [apiv2][status] POST https://upload-firebasehosting.googleapis.com/upload/sites/car-selling-2afd4/versions/10ea91a18c977a85/files/ce957ac3d6c30328e95556abab45e53ee21b894fd18c8bd7bf638b0195f5d1b7 200
[debug] [2022-11-28T11:09:30.749Z] <<< [apiv2][body] POST https://upload-firebasehosting.googleapis.com/upload/sites/car-selling-2afd4/versions/10ea91a18c977a85/files/ce957ac3d6c30328e95556abab45e53ee21b894fd18c8bd7bf638b0195f5d1b7 [stream]
[debug] [2022-11-28T11:09:31.210Z] <<< [apiv2][status] POST https://upload-firebasehosting.googleapis.com/upload/sites/car-selling-2afd4/versions/10ea91a18c977a85/files/b62ddc1bbffb66fc3391d6b9b743029662bf15ba8f237ce2e61648d5639b769f 200
[debug] [2022-11-28T11:09:31.210Z] <<< [apiv2][body] POST https://upload-firebasehosting.googleapis.com/upload/sites/car-selling-2afd4/versions/10ea91a18c977a85/files/b62ddc1bbffb66fc3391d6b9b743029662bf15ba8f237ce2e61648d5639b769f [stream]
[debug] [2022-11-28T11:09:46.793Z] <<< [apiv2][status] POST https://upload-firebasehosting.googleapis.com/upload/sites/car-selling-2afd4/versions/10ea91a18c977a85/files/d3cea711e8e09d229d7833ec8db1c8d440e5a8df2c81b89c2dbf1f392e845c7d 200
[debug] [2022-11-28T11:09:46.794Z] <<< [apiv2][body] POST https://upload-firebasehosting.googleapis.com/upload/sites/car-selling-2afd4/versions/10ea91a18c977a85/files/d3cea711e8e09d229d7833ec8db1c8d440e5a8df2c81b89c2dbf1f392e845c7d [stream]
[debug] [2022-11-28T11:09:56.708Z] <<< [apiv2][status] POST https://upload-firebasehosting.googleapis.com/upload/sites/car-selling-2afd4/versions/10ea91a18c977a85/files/3bf4aa61ce7b9f6d91d0edf7b701d9d9f037bd4075d4f34a2c8d2e3cd41f86c5 200
[debug] [2022-11-28T11:09:56.708Z] <<< [apiv2][body] POST https://upload-firebasehosting.googleapis.com/upload/sites/car-selling-2afd4/versions/10ea91a18c977a85/files/3bf4aa61ce7b9f6d91d0edf7b701d9d9f037bd4075d4f34a2c8d2e3cd41f86c5 [stream]
[debug] [2022-11-28T11:09:56.709Z] [hosting][upload queue][FINAL] {"max":27944,"min":1519,"avg":4403.5,"active":0,"complete":16,"success":16,"errored":0,"retried":0,"total":16,"elapsed":27948}
[info] +  hosting[car-selling-2afd4]: file upload complete 
[debug] [2022-11-28T11:09:56.718Z] [hosting] deploy completed after 30006ms
[debug] [2022-11-28T11:09:56.736Z] [
  {
    "config": {
      "public": "build",
      "ignore": [
        "firebase.json",
        "**/.*",
        "**/node_modules/**"
      ],
      "rewrites": [
        {
          "source": "**",
          "destination": "/index.html"
        }
      ],
      "site": "car-selling-2afd4"
    },
    "version": "projects/563515231593/sites/car-selling-2afd4/versions/10ea91a18c977a85"
  }
]
[info] i  hosting[car-selling-2afd4]: finalizing version... 
[debug] [2022-11-28T11:09:56.742Z] >>> [apiv2][query] PATCH https://firebasehosting.googleapis.com/v1beta1/projects/-/sites/car-selling-2afd4/versions/10ea91a18c977a85 updateMask=status%2Cconfig
[debug] [2022-11-28T11:09:56.743Z] >>> [apiv2][body] PATCH https://firebasehosting.googleapis.com/v1beta1/projects/-/sites/car-selling-2afd4/versions/10ea91a18c977a85 {"status":"FINALIZED","config":{"rewrites":[{"glob":"**","path":"/index.html"}]}}
[debug] [2022-11-28T11:09:58.660Z] <<< [apiv2][status] PATCH https://firebasehosting.googleapis.com/v1beta1/projects/-/sites/car-selling-2afd4/versions/10ea91a18c977a85 200
[debug] [2022-11-28T11:09:58.661Z] <<< [apiv2][body] PATCH https://firebasehosting.googleapis.com/v1beta1/projects/-/sites/car-selling-2afd4/versions/10ea91a18c977a85 {"name":"projects/563515231593/sites/car-selling-2afd4/versions/10ea91a18c977a85","status":"FINALIZED","config":{"rewrites":[{"glob":"**","path":"/index.html"}]},"labels":{"deployment-tool":"cli-firebase"},"createTime":"2022-11-28T11:09:26.201826Z","createUser":{"email":"sayeedh95@gmail.com"},"finalizeTime":"2022-11-28T11:09:59.167047Z","finalizeUser":{"email":"sayeedh95@gmail.com"}}
[debug] [2022-11-28T11:09:58.662Z] [hosting] finalized version for car-selling-2afd4:[object Object]
[info] +  hosting[car-selling-2afd4]: version finalized 
[info] i  hosting[car-selling-2afd4]: releasing new version... 
[debug] [2022-11-28T11:09:58.673Z] >>> [apiv2][query] POST https://firebasehosting.googleapis.com/v1beta1/projects/-/sites/car-selling-2afd4/channels/live/releases versionName=projects%2F563515231593%2Fsites%2Fcar-selling-2afd4%2Fversions%2F10ea91a18c977a85
[debug] [2022-11-28T11:09:58.674Z] >>> [apiv2][body] POST https://firebasehosting.googleapis.com/v1beta1/projects/-/sites/car-selling-2afd4/channels/live/releases {}
[debug] [2022-11-28T11:10:00.081Z] <<< [apiv2][status] POST https://firebasehosting.googleapis.com/v1beta1/projects/-/sites/car-selling-2afd4/channels/live/releases 200
[debug] [2022-11-28T11:10:00.081Z] <<< [apiv2][body] POST https://firebasehosting.googleapis.com/v1beta1/projects/-/sites/car-selling-2afd4/channels/live/releases {"name":"projects/563515231593/sites/car-selling-2afd4/channels/live/releases/1669633799886763","version":{"name":"projects/563515231593/sites/car-selling-2afd4/versions/10ea91a18c977a85","status":"FINALIZED","config":{"rewrites":[{"glob":"**","path":"/index.html"}]},"labels":{"deployment-tool":"cli-firebase"},"createTime":"2022-11-28T11:09:26.201826Z","createUser":{"email":"sayeedh95@gmail.com","imageUrl":"https://lh3.googleusercontent.com/a/ALm5wu1msh5gGtymvIOwqYMfLmGbFZcmW7qmI8Ah1xQq_7c"},"finalizeTime":"2022-11-28T11:09:59.167047Z","finalizeUser":{"email":"sayeedh95@gmail.com","imageUrl":"https://lh3.googleusercontent.com/a/ALm5wu1msh5gGtymvIOwqYMfLmGbFZcmW7qmI8Ah1xQq_7c"}},"type":"DEPLOY","releaseTime":"2022-11-28T11:09:59.886763093Z","releaseUser":{"email":"sayeedh95@gmail.com","imageUrl":"https://lh3.googleusercontent.com/a/ALm5wu1msh5gGtymvIOwqYMfLmGbFZcmW7qmI8Ah1xQq_7c"}}
[debug] [2022-11-28T11:10:00.082Z] [hosting] release: {"name":"projects/563515231593/sites/car-selling-2afd4/channels/live/releases/1669633799886763","version":{"name":"projects/563515231593/sites/car-selling-2afd4/versions/10ea91a18c977a85","status":"FINALIZED","config":{"rewrites":[{"glob":"**","path":"/index.html"}]},"labels":{"deployment-tool":"cli-firebase"},"createTime":"2022-11-28T11:09:26.201826Z","createUser":{"email":"sayeedh95@gmail.com","imageUrl":"https://lh3.googleusercontent.com/a/ALm5wu1msh5gGtymvIOwqYMfLmGbFZcmW7qmI8Ah1xQq_7c"},"finalizeTime":"2022-11-28T11:09:59.167047Z","finalizeUser":{"email":"sayeedh95@gmail.com","imageUrl":"https://lh3.googleusercontent.com/a/ALm5wu1msh5gGtymvIOwqYMfLmGbFZcmW7qmI8Ah1xQq_7c"}},"type":"DEPLOY","releaseTime":"2022-11-28T11:09:59.886763093Z","releaseUser":{"email":"sayeedh95@gmail.com","imageUrl":"https://lh3.googleusercontent.com/a/ALm5wu1msh5gGtymvIOwqYMfLmGbFZcmW7qmI8Ah1xQq_7c"}}
[info] +  hosting[car-selling-2afd4]: release complete 
[info] 
[info] +  Deploy complete! 
[info] 
[info] Project Console: https://console.firebase.google.com/project/car-selling-2afd4/overview
[info] Hosting URL: https://car-selling-2afd4.web.app
[debug] [2022-11-28T11:10:05.744Z] Error: Timed out.
    at Timeout._onTimeout (C:\Users\hp\AppData\Roaming\npm\node_modules\firebase-tools\lib\utils.js:253:49)
    at listOnTimeout (node:internal/timers:559:17)
    at processTimers (node:internal/timers:502:7)
[error] 
[error] Error: An unexpected error has occurred.
